c:\repos\indrectdisplaydriver\iddsampledriver\x64\debug\vc143.pdb
c:\repos\indrectdisplaydriver\iddsampledriver\x64\debug\driver.nativecodeanalysis.sarif
c:\repos\indrectdisplaydriver\iddsampledriver\x64\debug\driver.nativecodeanalysis.xml
c:\repos\indrectdisplaydriver\iddsampledriver\x64\debug\driver.obj
c:\repos\indrectdisplaydriver\x64\debug\iddsampledriver\iddsampledriver.cat
c:\repos\indrectdisplaydriver\x64\debug\iddsampledriver.dll
c:\repos\indrectdisplaydriver\x64\debug\iddsampledriver.pdb
c:\repos\indrectdisplaydriver\x64\debug\iddsampledriver.lib
c:\repos\indrectdisplaydriver\x64\debug\iddsampledriver.exp
c:\repos\indrectdisplaydriver\iddsampledriver\x64\debug\iddsampledriver.inf
c:\repos\indrectdisplaydriver\iddsampledriver\x64\debug\driver.tmh
c:\repos\indrectdisplaydriver\x64\debug\iddsampledriver.cer
c:\repos\indrectdisplaydriver\x64\debug\iddsampledriver.inf
c:\repos\indrectdisplaydriver\iddsampledriver\x64\debug\vc.nativecodeanalysis.all.xml
c:\repos\indrectdisplaydriver\iddsampledriver\x64\debug\iddsampledriver.tlog\cl.command.1.tlog
c:\repos\indrectdisplaydriver\iddsampledriver\x64\debug\iddsampledriver.tlog\cl.items.tlog
c:\repos\indrectdisplaydriver\iddsampledriver\x64\debug\iddsampledriver.tlog\cl.read.1.tlog
c:\repos\indrectdisplaydriver\iddsampledriver\x64\debug\iddsampledriver.tlog\cl.write.1.tlog
c:\repos\indrectdisplaydriver\iddsampledriver\x64\debug\iddsampledriver.tlog\inf2cat-expand.7524.read.1.tlog
c:\repos\indrectdisplaydriver\iddsampledriver\x64\debug\iddsampledriver.tlog\inf2cat-expand.7524.write.1.tlog
c:\repos\indrectdisplaydriver\iddsampledriver\x64\debug\iddsampledriver.tlog\inf2cat-expand.read.1.tlog
c:\repos\indrectdisplaydriver\iddsampledriver\x64\debug\iddsampledriver.tlog\inf2cat-expand.write.1.tlog
c:\repos\indrectdisplaydriver\iddsampledriver\x64\debug\iddsampledriver.tlog\inf2cat.command.1.tlog
c:\repos\indrectdisplaydriver\iddsampledriver\x64\debug\iddsampledriver.tlog\inf2cat.read.1.tlog
c:\repos\indrectdisplaydriver\iddsampledriver\x64\debug\iddsampledriver.tlog\inf2cat.write.1.tlog
c:\repos\indrectdisplaydriver\iddsampledriver\x64\debug\iddsampledriver.tlog\link.command.1.tlog
c:\repos\indrectdisplaydriver\iddsampledriver\x64\debug\iddsampledriver.tlog\link.read.1.tlog
c:\repos\indrectdisplaydriver\iddsampledriver\x64\debug\iddsampledriver.tlog\link.write.1.tlog
c:\repos\indrectdisplaydriver\iddsampledriver\x64\debug\iddsampledriver.tlog\link.write.2u.tlog
c:\repos\indrectdisplaydriver\iddsampledriver\x64\debug\iddsampledriver.tlog\signtool.command.1.tlog
c:\repos\indrectdisplaydriver\iddsampledriver\x64\debug\iddsampledriver.tlog\signtool.read.1.tlog
c:\repos\indrectdisplaydriver\iddsampledriver\x64\debug\iddsampledriver.tlog\signtool.timestamp.1.tlog
c:\repos\indrectdisplaydriver\iddsampledriver\x64\debug\iddsampledriver.tlog\signtool.write.1.tlog
c:\repos\indrectdisplaydriver\iddsampledriver\x64\debug\iddsampledriver.tlog\stampinf.command.1.tlog
c:\repos\indrectdisplaydriver\iddsampledriver\x64\debug\iddsampledriver.tlog\stampinf.read.1.tlog
c:\repos\indrectdisplaydriver\iddsampledriver\x64\debug\iddsampledriver.tlog\stampinf.write.1.tlog
c:\repos\indrectdisplaydriver\iddsampledriver\x64\debug\iddsampledriver.tlog\tracewpp.command.1.tlog
c:\repos\indrectdisplaydriver\iddsampledriver\x64\debug\iddsampledriver.tlog\tracewpp.read.1.tlog
c:\repos\indrectdisplaydriver\iddsampledriver\x64\debug\iddsampledriver.tlog\tracewpp.write.1.tlog
